<?xml version="1.0" encoding="UTF-8"?>
<coverage generated="1539704683">
  <project timestamp="1539704683">
    <file name="/var/www/ezplatform/vendor/jlchassaing/calameobundle/bootstrap.php">
      <metrics loc="11" ncloc="-9" classes="0" methods="0" coveredmethods="0" conditionals="0" coveredconditionals="0" statements="0" coveredstatements="0" elements="0" coveredelements="0"/>
    </file>
    <package name="CalameoBundle\Calameo">
      <file name="/var/www/ezplatform/vendor/jlchassaing/calameobundle/src/Calameo/Client.php">
        <class name="CalameoBundle\Calameo\Client" namespace="CalameoBundle\Calameo">
          <metrics complexity="26" methods="15" coveredmethods="3" conditionals="0" coveredconditionals="0" statements="64" coveredstatements="9" elements="79" coveredelements="12"/>
        </class>
        <line num="30" type="method" name="__construct" visibility="public" complexity="1" crap="1" count="29"/>
        <line num="32" type="stmt" count="29"/>
        <line num="34" type="stmt" count="29"/>
        <line num="41" type="method" name="isValidUrl" visibility="public" complexity="1" crap="1" count="9"/>
        <line num="43" type="stmt" count="9"/>
        <line num="52" type="method" name="getKeyFromUrl" visibility="public" complexity="2" crap="2.06" count="2"/>
        <line num="54" type="stmt" count="2"/>
        <line num="55" type="stmt" count="2"/>
        <line num="57" type="stmt" count="2"/>
        <line num="59" type="stmt" count="0"/>
        <line num="62" type="method" name="getIframePath" visibility="public" complexity="1" crap="2.00" count="0"/>
        <line num="65" type="stmt" count="0"/>
        <line num="67" type="stmt" count="0"/>
        <line num="69" type="stmt" count="0"/>
        <line num="70" type="stmt" count="0"/>
        <line num="72" type="stmt" count="0"/>
        <line num="76" type="method" name="getCalameoData" visibility="public" complexity="2" crap="6.00" count="0"/>
        <line num="78" type="stmt" count="0"/>
        <line num="79" type="stmt" count="0"/>
        <line num="81" type="stmt" count="0"/>
        <line num="82" type="stmt" count="0"/>
        <line num="83" type="stmt" count="0"/>
        <line num="84" type="stmt" count="0"/>
        <line num="85" type="stmt" count="0"/>
        <line num="95" type="method" name="getToc" visibility="public" complexity="1" crap="2.00" count="0"/>
        <line num="97" type="stmt" count="0"/>
        <line num="105" type="method" name="getBookInfo" visibility="public" complexity="1" crap="2.00" count="0"/>
        <line num="107" type="stmt" count="0"/>
        <line num="110" type="method" name="fetch" visibility="public" complexity="2" crap="6.00" count="0"/>
        <line num="112" type="stmt" count="0"/>
        <line num="113" type="stmt" count="0"/>
        <line num="114" type="stmt" count="0"/>
        <line num="115" type="stmt" count="0"/>
        <line num="116" type="stmt" count="0"/>
        <line num="117" type="stmt" count="0"/>
        <line num="123" type="method" name="call" visibility="public" complexity="1" crap="2.00" count="0"/>
        <line num="125" type="stmt" count="0"/>
        <line num="126" type="stmt" count="0"/>
        <line num="128" type="stmt" count="0"/>
        <line num="137" type="method" name="getRequestSignature" visibility="public" complexity="2" crap="6.00" count="0"/>
        <line num="139" type="stmt" count="0"/>
        <line num="140" type="stmt" count="0"/>
        <line num="142" type="stmt" count="0"/>
        <line num="145" type="stmt" count="0"/>
        <line num="147" type="stmt" count="0"/>
        <line num="157" type="method" name="getRequestUrl" visibility="public" complexity="1" crap="1" count="1"/>
        <line num="159" type="stmt" count="1"/>
        <line num="161" type="stmt" count="1"/>
        <line num="163" type="stmt" count="1"/>
        <line num="171" type="method" name="getData" visibility="public" complexity="1" crap="2.00" count="0"/>
        <line num="173" type="stmt" count="0"/>
        <line num="174" type="stmt" count="0"/>
        <line num="175" type="stmt" count="0"/>
        <line num="176" type="stmt" count="0"/>
        <line num="178" type="stmt" count="0"/>
        <line num="180" type="stmt" count="0"/>
        <line num="189" type="method" name="getUrl" visibility="public" complexity="2" crap="6.00" count="0"/>
        <line num="192" type="stmt" count="0"/>
        <line num="194" type="stmt" count="0"/>
        <line num="195" type="stmt" count="0"/>
        <line num="196" type="stmt" count="0"/>
        <line num="198" type="stmt" count="0"/>
        <line num="201" type="stmt" count="0"/>
        <line num="209" type="method" name="buildUrl" visibility="public" complexity="1" crap="2.00" count="0"/>
        <line num="211" type="stmt" count="0"/>
        <line num="220" type="method" name="buildParamsString" visibility="public" complexity="7" crap="56.00" count="0"/>
        <line num="222" type="stmt" count="0"/>
        <line num="223" type="stmt" count="0"/>
        <line num="225" type="stmt" count="0"/>
        <line num="227" type="stmt" count="0"/>
        <line num="229" type="stmt" count="0"/>
        <line num="231" type="stmt" count="0"/>
        <line num="235" type="stmt" count="0"/>
        <line num="237" type="stmt" count="0"/>
        <line num="239" type="stmt" count="0"/>
        <line num="240" type="stmt" count="0"/>
        <line num="242" type="stmt" count="0"/>
        <line num="246" type="stmt" count="0"/>
        <line num="253" type="stmt" count="0"/>
        <metrics loc="256" ncloc="194" classes="1" methods="15" coveredmethods="3" conditionals="0" coveredconditionals="0" statements="64" coveredstatements="9" elements="79" coveredelements="12"/>
      </file>
      <file name="/var/www/ezplatform/vendor/jlchassaing/calameobundle/src/Calameo/Response.php">
        <class name="CalameoBundle\Calameo\Response" namespace="CalameoBundle\Calameo">
          <metrics complexity="6" methods="6" coveredmethods="0" conditionals="0" coveredconditionals="0" statements="18" coveredstatements="0" elements="24" coveredelements="0"/>
        </class>
        <line num="16" type="method" name="__construct" visibility="public" complexity="1" crap="2.00" count="0"/>
        <line num="17" type="stmt" count="0"/>
        <line num="19" type="stmt" count="0"/>
        <line num="20" type="stmt" count="0"/>
        <line num="22" type="method" name="isError" visibility="public" complexity="1" crap="2.00" count="0"/>
        <line num="23" type="stmt" count="0"/>
        <line num="24" type="stmt" count="0"/>
        <line num="25" type="stmt" count="0"/>
        <line num="27" type="method" name="getError" visibility="public" complexity="1" crap="2.00" count="0"/>
        <line num="28" type="stmt" count="0"/>
        <line num="29" type="stmt" count="0"/>
        <line num="30" type="stmt" count="0"/>
        <line num="32" type="method" name="getErrorCode" visibility="public" complexity="1" crap="2.00" count="0"/>
        <line num="33" type="stmt" count="0"/>
        <line num="34" type="stmt" count="0"/>
        <line num="35" type="stmt" count="0"/>
        <line num="37" type="method" name="getContent" visibility="public" complexity="1" crap="2.00" count="0"/>
        <line num="38" type="stmt" count="0"/>
        <line num="39" type="stmt" count="0"/>
        <line num="40" type="stmt" count="0"/>
        <line num="42" type="method" name="__get" visibility="public" complexity="1" crap="2.00" count="0"/>
        <line num="43" type="stmt" count="0"/>
        <line num="44" type="stmt" count="0"/>
        <line num="45" type="stmt" count="0"/>
        <metrics loc="47" ncloc="41" classes="1" methods="6" coveredmethods="0" conditionals="0" coveredconditionals="0" statements="18" coveredstatements="0" elements="24" coveredelements="0"/>
      </file>
    </package>
    <package name="CalameoBundle">
      <file name="/var/www/ezplatform/vendor/jlchassaing/calameobundle/src/CalameoBundle.php">
        <class name="CalameoBundle\CalameoBundle" namespace="CalameoBundle">
          <metrics complexity="1" methods="1" coveredmethods="0" conditionals="0" coveredconditionals="0" statements="3" coveredstatements="0" elements="4" coveredelements="0"/>
        </class>
        <line num="16" type="method" name="build" visibility="public" complexity="1" crap="2.00" count="0"/>
        <line num="17" type="stmt" count="0"/>
        <line num="18" type="stmt" count="0"/>
        <line num="19" type="stmt" count="0"/>
        <metrics loc="21" ncloc="13" classes="1" methods="1" coveredmethods="0" conditionals="0" coveredconditionals="0" statements="3" coveredstatements="0" elements="4" coveredelements="0"/>
      </file>
    </package>
    <package name="CalameoBundle\DependencyInjection">
      <file name="/var/www/ezplatform/vendor/jlchassaing/calameobundle/src/DependencyInjection/CalameoExtension.php">
        <class name="CalameoBundle\DependencyInjection\CalameoExtension" namespace="CalameoBundle\DependencyInjection">
          <metrics complexity="4" methods="3" coveredmethods="0" conditionals="0" coveredconditionals="0" statements="18" coveredstatements="0" elements="21" coveredelements="0"/>
        </class>
        <line num="27" type="method" name="load" visibility="public" complexity="1" crap="2.00" count="0"/>
        <line num="28" type="stmt" count="0"/>
        <line num="29" type="stmt" count="0"/>
        <line num="30" type="stmt" count="0"/>
        <line num="31" type="stmt" count="0"/>
        <line num="33" type="stmt" count="0"/>
        <line num="34" type="stmt" count="0"/>
        <line num="36" type="stmt" count="0"/>
        <line num="37" type="stmt" count="0"/>
        <line num="39" type="method" name="prepend" visibility="public" complexity="1" crap="2.00" count="0"/>
        <line num="40" type="stmt" count="0"/>
        <line num="41" type="stmt" count="0"/>
        <line num="43" type="stmt" count="0"/>
        <line num="44" type="stmt" count="0"/>
        <line num="45" type="stmt" count="0"/>
        <line num="46" type="stmt" count="0"/>
        <line num="48" type="method" name="prependYamlConfigFile" visibility="private" complexity="2" crap="6.00" count="0"/>
        <line num="49" type="stmt" count="0"/>
        <line num="50" type="stmt" count="0"/>
        <line num="51" type="stmt" count="0"/>
        <line num="52" type="stmt" count="0"/>
        <metrics loc="54" ncloc="43" classes="1" methods="3" coveredmethods="0" conditionals="0" coveredconditionals="0" statements="18" coveredstatements="0" elements="21" coveredelements="0"/>
      </file>
      <file name="/var/www/ezplatform/vendor/jlchassaing/calameobundle/src/DependencyInjection/Configuration.php">
        <class name="CalameoBundle\DependencyInjection\Configuration" namespace="CalameoBundle\DependencyInjection">
          <metrics complexity="1" methods="1" coveredmethods="0" conditionals="0" coveredconditionals="0" statements="40" coveredstatements="0" elements="41" coveredelements="0"/>
        </class>
        <line num="38" type="method" name="getConfigTreeBuilder" visibility="public" complexity="1" crap="2.00" count="0"/>
        <line num="39" type="stmt" count="0"/>
        <line num="40" type="stmt" count="0"/>
        <line num="41" type="stmt" count="0"/>
        <line num="43" type="stmt" count="0"/>
        <line num="44" type="stmt" count="0"/>
        <line num="45" type="stmt" count="0"/>
        <line num="46" type="stmt" count="0"/>
        <line num="47" type="stmt" count="0"/>
        <line num="48" type="stmt" count="0"/>
        <line num="49" type="stmt" count="0"/>
        <line num="50" type="stmt" count="0"/>
        <line num="51" type="stmt" count="0"/>
        <line num="52" type="stmt" count="0"/>
        <line num="53" type="stmt" count="0"/>
        <line num="54" type="stmt" count="0"/>
        <line num="55" type="stmt" count="0"/>
        <line num="56" type="stmt" count="0"/>
        <line num="57" type="stmt" count="0"/>
        <line num="58" type="stmt" count="0"/>
        <line num="59" type="stmt" count="0"/>
        <line num="60" type="stmt" count="0"/>
        <line num="61" type="stmt" count="0"/>
        <line num="62" type="stmt" count="0"/>
        <line num="63" type="stmt" count="0"/>
        <line num="64" type="stmt" count="0"/>
        <line num="65" type="stmt" count="0"/>
        <line num="66" type="stmt" count="0"/>
        <line num="67" type="stmt" count="0"/>
        <line num="68" type="stmt" count="0"/>
        <line num="69" type="stmt" count="0"/>
        <line num="70" type="stmt" count="0"/>
        <line num="71" type="stmt" count="0"/>
        <line num="72" type="stmt" count="0"/>
        <line num="73" type="stmt" count="0"/>
        <line num="74" type="stmt" count="0"/>
        <line num="75" type="stmt" count="0"/>
        <line num="76" type="stmt" count="0"/>
        <line num="77" type="stmt" count="0"/>
        <line num="79" type="stmt" count="0"/>
        <line num="80" type="stmt" count="0"/>
        <metrics loc="81" ncloc="56" classes="1" methods="1" coveredmethods="0" conditionals="0" coveredconditionals="0" statements="40" coveredstatements="0" elements="41" coveredelements="0"/>
      </file>
    </package>
    <package name="CalameoBundle\FieldType\Calameo">
      <file name="/var/www/ezplatform/vendor/jlchassaing/calameobundle/src/FieldType/Calameo/LegacyConverter.php">
        <class name="CalameoBundle\FieldType\Calameo\LegacyConverter" namespace="CalameoBundle\FieldType\Calameo">
          <metrics complexity="5" methods="5" coveredmethods="0" conditionals="0" coveredconditionals="0" statements="15" coveredstatements="0" elements="20" coveredelements="0"/>
        </class>
        <line num="21" type="method" name="toStorageValue" visibility="public" complexity="1" crap="2.00" count="0"/>
        <line num="22" type="stmt" count="0"/>
        <line num="23" type="stmt" count="0"/>
        <line num="24" type="stmt" count="0"/>
        <line num="25" type="stmt" count="0"/>
        <line num="27" type="method" name="toFieldValue" visibility="public" complexity="1" crap="2.00" count="0"/>
        <line num="28" type="stmt" count="0"/>
        <line num="29" type="stmt" count="0"/>
        <line num="30" type="stmt" count="0"/>
        <line num="31" type="stmt" count="0"/>
        <line num="33" type="method" name="toStorageFieldDefinition" visibility="public" complexity="1" crap="2.00" count="0"/>
        <line num="34" type="stmt" count="0"/>
        <line num="35" type="stmt" count="0"/>
        <line num="37" type="method" name="toFieldDefinition" visibility="public" complexity="1" crap="2.00" count="0"/>
        <line num="38" type="stmt" count="0"/>
        <line num="39" type="stmt" count="0"/>
        <line num="41" type="method" name="getIndexColumn" visibility="public" complexity="1" crap="2.00" count="0"/>
        <line num="42" type="stmt" count="0"/>
        <line num="43" type="stmt" count="0"/>
        <line num="44" type="stmt" count="0"/>
        <metrics loc="45" ncloc="39" classes="1" methods="5" coveredmethods="0" conditionals="0" coveredconditionals="0" statements="15" coveredstatements="0" elements="20" coveredelements="0"/>
      </file>
      <file name="/var/www/ezplatform/vendor/jlchassaing/calameobundle/src/FieldType/Calameo/SearchField.php">
        <class name="CalameoBundle\FieldType\Calameo\SearchField" namespace="CalameoBundle\FieldType\Calameo">
          <metrics complexity="4" methods="4" coveredmethods="0" conditionals="0" coveredconditionals="0" statements="20" coveredstatements="0" elements="24" coveredelements="0"/>
        </class>
        <line num="30" type="method" name="getIndexData" visibility="public" complexity="1" crap="2.00" count="0"/>
        <line num="31" type="stmt" count="0"/>
        <line num="32" type="stmt" count="0"/>
        <line num="33" type="stmt" count="0"/>
        <line num="34" type="stmt" count="0"/>
        <line num="35" type="stmt" count="0"/>
        <line num="36" type="stmt" count="0"/>
        <line num="37" type="stmt" count="0"/>
        <line num="38" type="stmt" count="0"/>
        <line num="39" type="stmt" count="0"/>
        <line num="46" type="method" name="getIndexDefinition" visibility="public" complexity="1" crap="2.00" count="0"/>
        <line num="47" type="stmt" count="0"/>
        <line num="48" type="stmt" count="0"/>
        <line num="49" type="stmt" count="0"/>
        <line num="50" type="stmt" count="0"/>
        <line num="51" type="stmt" count="0"/>
        <line num="62" type="method" name="getDefaultMatchField" visibility="public" complexity="1" crap="2.00" count="0"/>
        <line num="63" type="stmt" count="0"/>
        <line num="64" type="stmt" count="0"/>
        <line num="65" type="stmt" count="0"/>
        <line num="76" type="method" name="getDefaultSortField" visibility="public" complexity="1" crap="2.00" count="0"/>
        <line num="77" type="stmt" count="0"/>
        <line num="78" type="stmt" count="0"/>
        <line num="79" type="stmt" count="0"/>
        <metrics loc="80" ncloc="40" classes="1" methods="4" coveredmethods="0" conditionals="0" coveredconditionals="0" statements="20" coveredstatements="0" elements="24" coveredelements="0"/>
      </file>
      <file name="/var/www/ezplatform/vendor/jlchassaing/calameobundle/src/FieldType/Calameo/Type.php">
        <class name="CalameoBundle\FieldType\Calameo\Type" namespace="CalameoBundle\FieldType\Calameo">
          <metrics complexity="25" methods="13" coveredmethods="7" conditionals="0" coveredconditionals="0" statements="49" coveredstatements="25" elements="62" coveredelements="32"/>
        </class>
        <line num="30" type="method" name="__construct" visibility="public" complexity="1" crap="1" count="20"/>
        <line num="32" type="stmt" count="20"/>
        <line num="33" type="stmt" count="20"/>
        <line num="40" type="method" name="createValueFromInput" visibility="protected" complexity="2" crap="2" count="5"/>
        <line num="42" type="stmt" count="5"/>
        <line num="43" type="stmt" count="1"/>
        <line num="44" type="stmt" count="1"/>
        <line num="45" type="stmt" count="1"/>
        <line num="49" type="stmt" count="5"/>
        <line num="57" type="method" name="checkValueStructure" visibility="protected" complexity="3" crap="3" count="3"/>
        <line num="59" type="stmt" count="3"/>
        <line num="61" type="stmt" count="1"/>
        <line num="62" type="stmt" count="1"/>
        <line num="63" type="stmt" count="1"/>
        <line num="64" type="stmt" count="1"/>
        <line num="67" type="stmt" count="2"/>
        <line num="69" type="method" name="validate" visibility="public" complexity="3" crap="4.54" count="1"/>
        <line num="71" type="stmt" count="1"/>
        <line num="73" type="stmt" count="1"/>
        <line num="74" type="stmt" count="0"/>
        <line num="78" type="stmt" count="1"/>
        <line num="79" type="stmt" count="0"/>
        <line num="80" type="stmt" count="0"/>
        <line num="81" type="stmt" count="0"/>
        <line num="82" type="stmt" count="0"/>
        <line num="85" type="stmt" count="1"/>
        <line num="90" type="method" name="getFieldTypeIdentifier" visibility="public" complexity="1" crap="1" count="2"/>
        <line num="92" type="stmt" count="2"/>
        <line num="95" type="method" name="getName" visibility="public" complexity="1" crap="2.00" count="0"/>
        <line num="100" type="stmt" count="0"/>
        <line num="103" type="method" name="getEmptyValue" visibility="public" complexity="1" crap="1" count="12"/>
        <line num="105" type="stmt" count="12"/>
        <line num="108" type="method" name="fromHash" visibility="public" complexity="2" crap="2" count="3"/>
        <line num="110" type="stmt" count="3"/>
        <line num="111" type="stmt" count="1"/>
        <line num="114" type="stmt" count="2"/>
        <line num="124" type="method" name="toHash" visibility="public" complexity="2" crap="2" count="3"/>
        <line num="126" type="stmt" count="3"/>
        <line num="127" type="stmt" count="1"/>
        <line num="130" type="stmt" count="2"/>
        <line num="134" type="method" name="toPersistenceValue" visibility="public" complexity="3" crap="12.00" count="0"/>
        <line num="136" type="stmt" count="0"/>
        <line num="137" type="stmt" count="0"/>
        <line num="139" type="stmt" count="0"/>
        <line num="146" type="stmt" count="0"/>
        <line num="148" type="stmt" count="0"/>
        <line num="149" type="stmt" count="0"/>
        <line num="150" type="stmt" count="0"/>
        <line num="154" type="stmt" count="0"/>
        <line num="156" type="stmt" count="0"/>
        <line num="157" type="stmt" count="0"/>
        <line num="162" type="method" name="addToValue" visibility="public" complexity="3" crap="12.00" count="0"/>
        <line num="164" type="stmt" count="0"/>
        <line num="166" type="stmt" count="0"/>
        <line num="168" type="stmt" count="0"/>
        <line num="171" type="stmt" count="0"/>
        <line num="174" type="method" name="getSortInfo" visibility="protected" complexity="1" crap="2.00" count="0"/>
        <line num="176" type="stmt" count="0"/>
        <line num="180" type="method" name="fromPersistenceValue" visibility="public" complexity="2" crap="6.00" count="0"/>
        <line num="182" type="stmt" count="0"/>
        <line num="183" type="stmt" count="0"/>
        <line num="186" type="stmt" count="0"/>
        <metrics loc="187" ncloc="161" classes="1" methods="13" coveredmethods="7" conditionals="0" coveredconditionals="0" statements="49" coveredstatements="25" elements="62" coveredelements="32"/>
      </file>
      <file name="/var/www/ezplatform/vendor/jlchassaing/calameobundle/src/FieldType/Calameo/Value.php">
        <class name="CalameoBundle\FieldType\Calameo\Value" namespace="CalameoBundle\FieldType\Calameo" fullPackage="CalameoBundle" package="CalameoBundle">
          <metrics complexity="7" methods="5" coveredmethods="1" conditionals="0" coveredconditionals="0" statements="9" coveredstatements="4" elements="14" coveredelements="5"/>
        </class>
        <line num="34" type="method" name="__set" visibility="public" complexity="1" crap="2.00" count="0"/>
        <line num="36" type="stmt" count="0"/>
        <line num="37" type="stmt" count="0"/>
        <line num="39" type="method" name="__get" visibility="public" complexity="1" crap="2.00" count="0"/>
        <line num="41" type="stmt" count="0"/>
        <line num="44" type="method" name="__call" visibility="public" complexity="1" crap="2.00" count="0"/>
        <line num="46" type="stmt" count="0"/>
        <line num="52" type="method" name="__toString" visibility="public" complexity="1" crap="2.00" count="0"/>
        <line num="54" type="stmt" count="0"/>
        <line num="62" type="method" name="__construct" visibility="public" complexity="3" crap="3" count="15"/>
        <line num="64" type="stmt" count="15"/>
        <line num="66" type="stmt" count="3"/>
        <line num="69" type="stmt" count="15"/>
        <line num="71" type="stmt" count="15"/>
        <metrics loc="75" ncloc="48" classes="1" methods="5" coveredmethods="1" conditionals="0" coveredconditionals="0" statements="9" coveredstatements="4" elements="14" coveredelements="5"/>
      </file>
    </package>
    <package name="CalameoBundle\Tests\Calameo">
      <file name="/var/www/ezplatform/vendor/jlchassaing/calameobundle/src/Tests/Calamoe/CalameoTest.php">
        <class name="CalameoBundle\Tests\Calameo\CalameoTest" namespace="CalameoBundle\Tests\Calameo">
          <metrics complexity="13" methods="9" coveredmethods="5" conditionals="0" coveredconditionals="0" statements="37" coveredstatements="22" elements="46" coveredelements="27"/>
        </class>
        <line num="27" type="method" name="setUp" visibility="public" complexity="1" crap="1" count="9"/>
        <line num="30" type="stmt" count="9"/>
        <line num="31" type="stmt" count="9"/>
        <line num="32" type="stmt" count="9"/>
        <line num="33" type="stmt" count="9"/>
        <line num="45" type="stmt" count="9"/>
        <line num="46" type="stmt" count="9"/>
        <line num="48" type="method" name="providerForIsValidUrl" visibility="public" complexity="1" crap="2.00" count="0"/>
        <line num="51" type="stmt" count="0"/>
        <line num="63" type="method" name="testIsValidUrl" visibility="public" complexity="1" crap="1" count="4"/>
        <line num="65" type="stmt" count="4"/>
        <line num="67" type="stmt" count="4"/>
        <line num="68" type="stmt" count="4"/>
        <line num="70" type="method" name="providerForIsInValidUrl" visibility="public" complexity="1" crap="2.00" count="0"/>
        <line num="73" type="stmt" count="0"/>
        <line num="84" type="method" name="testIsInValidUrl" visibility="public" complexity="1" crap="1" count="3"/>
        <line num="86" type="stmt" count="3"/>
        <line num="88" type="stmt" count="3"/>
        <line num="89" type="stmt" count="3"/>
        <line num="92" type="method" name="provideForGetKey" visibility="public" complexity="1" crap="2.00" count="0"/>
        <line num="95" type="stmt" count="0"/>
        <line num="106" type="method" name="testGetKey" visibility="public" complexity="2" crap="2" count="1"/>
        <line num="108" type="stmt" count="1"/>
        <line num="110" type="stmt" count="1"/>
        <line num="113" type="stmt" count="1"/>
        <line num="115" type="method" name="testGetIframePath" visibility="public" complexity="4" crap="20.00" count="0"/>
        <line num="117" type="stmt" count="0"/>
        <line num="118" type="stmt" count="0"/>
        <line num="120" type="stmt" count="0"/>
        <line num="121" type="stmt" count="0"/>
        <line num="123" type="stmt" count="0"/>
        <line num="125" type="stmt" count="0"/>
        <line num="127" type="stmt" count="0"/>
        <line num="131" type="stmt" count="0"/>
        <line num="132" type="stmt" count="0"/>
        <line num="134" type="stmt" count="0"/>
        <line num="136" type="stmt" count="0"/>
        <line num="142" type="stmt" count="0"/>
        <line num="145" type="method" name="testgetRequestUrl" complexity="1" crap="1" count="1"/>
        <line num="147" type="stmt" count="1"/>
        <line num="148" type="stmt" count="1"/>
        <line num="149" type="stmt" count="1"/>
        <line num="150" type="stmt" count="1"/>
        <line num="151" type="stmt" count="1"/>
        <line num="153" type="stmt" count="1"/>
        <line num="155" type="stmt" count="1"/>
        <metrics loc="160" ncloc="135" classes="1" methods="9" coveredmethods="5" conditionals="0" coveredconditionals="0" statements="37" coveredstatements="22" elements="46" coveredelements="27"/>
      </file>
    </package>
    <package name="eZ\Publish\Core\FieldType\Tests">
      <file name="/var/www/ezplatform/vendor/jlchassaing/calameobundle/src/Tests/FieldType/Calamo/CalameoTypeTest.php">
        <class name="eZ\Publish\Core\FieldType\Tests\CalameoTypeTest" namespace="eZ\Publish\Core\FieldType\Tests" fullPackage="eZ" package="eZ">
          <metrics complexity="16" methods="16" coveredmethods="7" conditionals="0" coveredconditionals="0" statements="36" coveredstatements="13" elements="52" coveredelements="20"/>
        </class>
        <line num="27" type="method" name="setUp" visibility="public" complexity="1" crap="1" count="20"/>
        <line num="29" type="stmt" count="20"/>
        <line num="30" type="stmt" count="20"/>
        <line num="31" type="stmt" count="20"/>
        <line num="33" type="stmt" count="20"/>
        <line num="34" type="stmt" count="20"/>
        <line num="36" type="method" name="getNewCalameoType" visibility="public" complexity="1" crap="1" count="20"/>
        <line num="38" type="stmt" count="20"/>
        <line num="44" type="method" name="createFieldTypeUnderTest" visibility="protected" complexity="1" crap="1" count="20"/>
        <line num="46" type="stmt" count="20"/>
        <line num="47" type="stmt" count="20"/>
        <line num="49" type="stmt" count="20"/>
        <line num="57" type="method" name="getValidatorConfigurationSchemaExpectation" visibility="protected" complexity="1" crap="1" count="1"/>
        <line num="59" type="stmt" count="1"/>
        <line num="67" type="method" name="getSettingsSchemaExpectation" visibility="protected" complexity="1" crap="1" count="1"/>
        <line num="69" type="stmt" count="1"/>
        <line num="75" type="method" name="getEmptyValueExpectation" visibility="protected" complexity="1" crap="1" count="1"/>
        <line num="77" type="stmt" count="1"/>
        <line num="83" type="method" name="provideInvalidInputForAcceptValue" visibility="public" complexity="1" crap="2.00" count="0"/>
        <line num="87" type="stmt" count="0"/>
        <line num="91" type="stmt" count="0"/>
        <line num="100" type="method" name="provideValidInputForAcceptValue" visibility="public" complexity="1" crap="2.00" count="0"/>
        <line num="104" type="stmt" count="0"/>
        <line num="105" type="stmt" count="0"/>
        <line num="108" type="stmt" count="0"/>
        <line num="109" type="stmt" count="0"/>
        <line num="112" type="stmt" count="0"/>
        <line num="113" type="stmt" count="0"/>
        <line num="118" type="method" name="provideValidDataForValidate" visibility="public" complexity="1" crap="2.00" count="0"/>
        <line num="122" type="stmt" count="0"/>
        <line num="123" type="stmt" count="0"/>
        <line num="128" type="method" name="provideInValidDataForValidate" visibility="public" complexity="1" crap="2.00" count="0"/>
        <line num="132" type="stmt" count="0"/>
        <line num="138" type="method" name="provideInputForToHash" visibility="public" complexity="1" crap="2.00" count="0"/>
        <line num="142" type="stmt" count="0"/>
        <line num="146" type="stmt" count="0"/>
        <line num="150" type="stmt" count="0"/>
        <line num="159" type="method" name="provideInputForFromHash" visibility="public" complexity="1" crap="2.00" count="0"/>
        <line num="163" type="stmt" count="0"/>
        <line num="164" type="stmt" count="0"/>
        <line num="168" type="stmt" count="0"/>
        <line num="169" type="stmt" count="0"/>
        <line num="172" type="stmt" count="0"/>
        <line num="173" type="stmt" count="0"/>
        <line num="179" type="method" name="provideFieldTypeIdentifier" visibility="protected" complexity="1" crap="1" count="1"/>
        <line num="181" type="stmt" count="1"/>
        <line num="184" type="method" name="provideDataForGetName" visibility="public" complexity="1" crap="2.00" count="0"/>
        <line num="187" type="stmt" count="0"/>
        <line num="190" type="method" name="provideValidFieldSettings" visibility="public" complexity="1" crap="2.00" count="0"/>
        <line num="192" type="stmt" count="0"/>
        <line num="195" type="method" name="provideValidValidatorConfiguration" visibility="public" complexity="1" crap="2.00" count="0"/>
        <line num="197" type="stmt" count="0"/>
        <metrics loc="199" ncloc="161" classes="1" methods="16" coveredmethods="7" conditionals="0" coveredconditionals="0" statements="36" coveredstatements="13" elements="52" coveredelements="20"/>
      </file>
    </package>
    <package name="CalameoBundle\Tests\FieldType\Calameo">
      <file name="/var/www/ezplatform/vendor/jlchassaing/calameobundle/src/Tests/FieldType/Calamo/CalameoValueTest.php">
        <class name="CalameoBundle\Tests\FieldType\Calameo\CalameoValueTest" namespace="CalameoBundle\Tests\FieldType\Calameo">
          <metrics complexity="1" methods="1" coveredmethods="1" conditionals="0" coveredconditionals="0" statements="4" coveredstatements="4" elements="5" coveredelements="5"/>
        </class>
        <line num="16" type="method" name="testCreateValueFromString" visibility="public" complexity="1" crap="1" count="1"/>
        <line num="18" type="stmt" count="1"/>
        <line num="20" type="stmt" count="1"/>
        <line num="22" type="stmt" count="1"/>
        <line num="23" type="stmt" count="1"/>
        <metrics loc="24" ncloc="18" classes="1" methods="1" coveredmethods="1" conditionals="0" coveredconditionals="0" statements="4" coveredstatements="4" elements="5" coveredelements="5"/>
      </file>
    </package>
    <package name="CalameoBundle\Tests\Fixtures">
      <file name="/var/www/ezplatform/vendor/jlchassaing/calameobundle/src/Tests/Fixtures/TestKernel.php">
        <class name="CalameoBundle\Tests\Fixtures\TestKernel" namespace="CalameoBundle\Tests\Fixtures">
          <metrics complexity="3" methods="3" coveredmethods="0" conditionals="0" coveredconditionals="0" statements="15" coveredstatements="0" elements="18" coveredelements="0"/>
        </class>
        <line num="22" type="method" name="registerBundles" visibility="public" complexity="1" crap="2.00" count="0"/>
        <line num="23" type="stmt" count="0"/>
        <line num="24" type="stmt" count="0"/>
        <line num="25" type="stmt" count="0"/>
        <line num="26" type="stmt" count="0"/>
        <line num="27" type="stmt" count="0"/>
        <line num="28" type="stmt" count="0"/>
        <line num="29" type="stmt" count="0"/>
        <line num="30" type="stmt" count="0"/>
        <line num="31" type="stmt" count="0"/>
        <line num="33" type="method" name="registerContainerConfiguration" visibility="public" complexity="1" crap="2.00" count="0"/>
        <line num="34" type="stmt" count="0"/>
        <line num="35" type="stmt" count="0"/>
        <line num="37" type="stmt" count="0"/>
        <line num="39" type="method" name="getCacheDir" visibility="public" complexity="1" crap="2.00" count="0"/>
        <line num="40" type="stmt" count="0"/>
        <line num="41" type="stmt" count="0"/>
        <line num="42" type="stmt" count="0"/>
        <line num="45" type="stmt" count="0"/>
        <metrics loc="45" ncloc="34" classes="1" methods="3" coveredmethods="0" conditionals="0" coveredconditionals="0" statements="16" coveredstatements="0" elements="19" coveredelements="0"/>
      </file>
    </package>
    <metrics files="14" loc="1285" ncloc="974" classes="13" methods="82" coveredmethods="24" conditionals="0" coveredconditionals="0" statements="329" coveredstatements="77" elements="411" coveredelements="101"/>
  </project>
</coverage>
